==33626== Memcheck, a memory error detector
==33626== Copyright (C) 2002-2017, and GNU GPL'd, by Julian Seward et al.
==33626== Using Valgrind-3.17.0-07f0cdcbb4-20210319X and LibVEX; rerun with -h for copyright info
==33626== Command: ./tradutor
==33626== Parent PID: 11653
==33626== 
--33626-- 
--33626-- Valgrind options:
--33626--    -v
--33626--    --tool=memcheck
--33626--    --leak-check=full
--33626--    --log-file=logfile.out
--33626--    --show-leak-kinds=all
--33626--    --track-origins=yes
--33626-- Contents of /proc/version:
--33626--   Linux version 5.11.0-27-generic (buildd@lcy01-amd64-019) (gcc (Ubuntu 9.3.0-17ubuntu1~20.04) 9.3.0, GNU ld (GNU Binutils for Ubuntu) 2.34) #29~20.04.1-Ubuntu SMP Wed Aug 11 15:58:17 UTC 2021
--33626-- 
--33626-- Arch and hwcaps: AMD64, LittleEndian, amd64-cx16-lzcnt-rdtscp-sse3-ssse3-avx-avx2-bmi-f16c-rdrand-rdseed
--33626-- Page sizes: currently 4096, max supported 4096
--33626-- Valgrind library directory: /usr/libexec/valgrind
--33626-- Reading syms from /home/brunocordeiro/Documentos/TRADUTORES 2/lab2/15_0007094_sintatico/tradutor
--33626-- Reading syms from /usr/lib/x86_64-linux-gnu/ld-2.33.so
--33626--   Considering /usr/lib/x86_64-linux-gnu/ld-2.33.so ..
--33626--   .. CRC mismatch (computed 425b6850 wanted cee0dc4c)
--33626--   Considering /lib/x86_64-linux-gnu/ld-2.33.so ..
--33626--   .. CRC mismatch (computed 425b6850 wanted cee0dc4c)
--33626--   Considering /usr/lib/debug/lib/x86_64-linux-gnu/ld-2.33.so ..
--33626--   .. CRC is valid
--33626-- Reading syms from /usr/libexec/valgrind/memcheck-amd64-linux
--33626--    object doesn't have a symbol table
--33626--    object doesn't have a dynamic symbol table
--33626-- Scheduler: using generic scheduler lock implementation.
--33626-- Reading suppressions file: /usr/libexec/valgrind/default.supp
==33626== embedded gdbserver: reading from /tmp/vgdb-pipe-from-vgdb-to-33626-by-brunocordeiro-on-???
==33626== embedded gdbserver: writing to   /tmp/vgdb-pipe-to-vgdb-from-33626-by-brunocordeiro-on-???
==33626== embedded gdbserver: shared mem   /tmp/vgdb-pipe-shared-mem-vgdb-33626-by-brunocordeiro-on-???
==33626== 
==33626== TO CONTROL THIS PROCESS USING vgdb (which you probably
==33626== don't want to do, unless you know exactly what you're doing,
==33626== or are doing some strange experiment):
==33626==   /usr/bin/vgdb --pid=33626 ...command...
==33626== 
==33626== TO DEBUG THIS PROCESS USING GDB: start GDB like this
==33626==   /path/to/gdb ./tradutor
==33626== and then give GDB the following command
==33626==   target remote | /usr/bin/vgdb --pid=33626
==33626== --pid is optional if only one valgrind process is running
==33626== 
--33626-- REDIR: 0x40276d0 (ld-linux-x86-64.so.2:strlen) redirected to 0x580bd712 (???)
--33626-- REDIR: 0x40274a0 (ld-linux-x86-64.so.2:index) redirected to 0x580bd72c (???)
--33626-- Reading syms from /usr/libexec/valgrind/vgpreload_core-amd64-linux.so
--33626--    object doesn't have a symbol table
--33626-- Reading syms from /usr/libexec/valgrind/vgpreload_memcheck-amd64-linux.so
--33626--    object doesn't have a symbol table
==33626== WARNING: new redirection conflicts with existing -- ignoring it
--33626--     old: 0x040276d0 (strlen              ) R-> (0000.0) 0x580bd712 ???
--33626--     new: 0x040276d0 (strlen              ) R-> (2007.0) 0x04848d80 strlen
--33626-- REDIR: 0x4023eb0 (ld-linux-x86-64.so.2:strcmp) redirected to 0x4849c90 (strcmp)
--33626-- REDIR: 0x4027c30 (ld-linux-x86-64.so.2:mempcpy) redirected to 0x484d8f0 (mempcpy)
--33626-- Reading syms from /usr/lib/x86_64-linux-gnu/libc-2.33.so
--33626--   Considering /usr/lib/x86_64-linux-gnu/libc-2.33.so ..
--33626--   .. CRC mismatch (computed 31fcf0a5 wanted 9eb4d521)
--33626--   Considering /lib/x86_64-linux-gnu/libc-2.33.so ..
--33626--   .. CRC mismatch (computed 31fcf0a5 wanted 9eb4d521)
--33626--   Considering /usr/lib/debug/lib/x86_64-linux-gnu/libc-2.33.so ..
--33626--   .. CRC is valid
--33626-- REDIR: 0x4904f00 (libc.so.6:memmove) redirected to 0x48391c0 (_vgnU_ifunc_wrapper)
==33626== Preferring higher priority redirection:
--33626--     old: 0x049eaf40 (__memcpy_avx_unalign) R-> (2018.0) 0x0484afd0 __memcpy_avx_unaligned_erms
--33626--     new: 0x049eaf40 (__memcpy_avx_unalign) R-> (2018.1) 0x0484c940 memmove
--33626-- REDIR: 0x49043a0 (libc.so.6:strncpy) redirected to 0x48391c0 (_vgnU_ifunc_wrapper)
--33626-- REDIR: 0x4905240 (libc.so.6:strcasecmp) redirected to 0x48391c0 (_vgnU_ifunc_wrapper)
--33626-- REDIR: 0x4903e50 (libc.so.6:strcat) redirected to 0x48391c0 (_vgnU_ifunc_wrapper)
--33626-- REDIR: 0x4904400 (libc.so.6:rindex) redirected to 0x48391c0 (_vgnU_ifunc_wrapper)
--33626-- REDIR: 0x4906700 (libc.so.6:rawmemchr) redirected to 0x48391c0 (_vgnU_ifunc_wrapper)
--33626-- REDIR: 0x4920830 (libc.so.6:wmemchr) redirected to 0x48391c0 (_vgnU_ifunc_wrapper)
--33626-- REDIR: 0x4920370 (libc.so.6:wcscmp) redirected to 0x48391c0 (_vgnU_ifunc_wrapper)
--33626-- REDIR: 0x4905060 (libc.so.6:mempcpy) redirected to 0x48391c0 (_vgnU_ifunc_wrapper)
--33626-- REDIR: 0x4904e90 (libc.so.6:bcmp) redirected to 0x48391c0 (_vgnU_ifunc_wrapper)
--33626-- REDIR: 0x4904340 (libc.so.6:strncmp) redirected to 0x48391c0 (_vgnU_ifunc_wrapper)
--33626-- REDIR: 0x4903f00 (libc.so.6:strcmp) redirected to 0x48391c0 (_vgnU_ifunc_wrapper)
--33626-- REDIR: 0x4904fd0 (libc.so.6:memset) redirected to 0x48391c0 (_vgnU_ifunc_wrapper)
--33626-- REDIR: 0x4920330 (libc.so.6:wcschr) redirected to 0x48391c0 (_vgnU_ifunc_wrapper)
--33626-- REDIR: 0x49042a0 (libc.so.6:strnlen) redirected to 0x48391c0 (_vgnU_ifunc_wrapper)
--33626-- REDIR: 0x4903fe0 (libc.so.6:strcspn) redirected to 0x48391c0 (_vgnU_ifunc_wrapper)
--33626-- REDIR: 0x4905290 (libc.so.6:strncasecmp) redirected to 0x48391c0 (_vgnU_ifunc_wrapper)
--33626-- REDIR: 0x4903f80 (libc.so.6:strcpy) redirected to 0x48391c0 (_vgnU_ifunc_wrapper)
--33626-- REDIR: 0x49053e0 (libc.so.6:memcpy@@GLIBC_2.14) redirected to 0x48391c0 (_vgnU_ifunc_wrapper)
--33626-- REDIR: 0x4921ab0 (libc.so.6:wcsnlen) redirected to 0x48391c0 (_vgnU_ifunc_wrapper)
--33626-- REDIR: 0x49203b0 (libc.so.6:wcscpy) redirected to 0x48391c0 (_vgnU_ifunc_wrapper)
--33626-- REDIR: 0x4904440 (libc.so.6:strpbrk) redirected to 0x48391c0 (_vgnU_ifunc_wrapper)
--33626-- REDIR: 0x4903eb0 (libc.so.6:index) redirected to 0x48391c0 (_vgnU_ifunc_wrapper)
--33626-- REDIR: 0x4904260 (libc.so.6:strlen) redirected to 0x48391c0 (_vgnU_ifunc_wrapper)
--33626-- REDIR: 0x490cc20 (libc.so.6:memrchr) redirected to 0x48391c0 (_vgnU_ifunc_wrapper)
--33626-- REDIR: 0x49052e0 (libc.so.6:strcasecmp_l) redirected to 0x48391c0 (_vgnU_ifunc_wrapper)
--33626-- REDIR: 0x4904e50 (libc.so.6:memchr) redirected to 0x48391c0 (_vgnU_ifunc_wrapper)
--33626-- REDIR: 0x4920480 (libc.so.6:wcslen) redirected to 0x48391c0 (_vgnU_ifunc_wrapper)
--33626-- REDIR: 0x4904560 (libc.so.6:strspn) redirected to 0x48391c0 (_vgnU_ifunc_wrapper)
--33626-- REDIR: 0x49051e0 (libc.so.6:stpncpy) redirected to 0x48391c0 (_vgnU_ifunc_wrapper)
--33626-- REDIR: 0x4905180 (libc.so.6:stpcpy) redirected to 0x48391c0 (_vgnU_ifunc_wrapper)
--33626-- REDIR: 0x4906740 (libc.so.6:strchrnul) redirected to 0x48391c0 (_vgnU_ifunc_wrapper)
--33626-- REDIR: 0x4905330 (libc.so.6:strncasecmp_l) redirected to 0x48391c0 (_vgnU_ifunc_wrapper)
--33626-- REDIR: 0x49e7d60 (libc.so.6:__strrchr_avx2) redirected to 0x4848750 (rindex)
--33626-- REDIR: 0x48ff130 (libc.so.6:malloc) redirected to 0x48427c0 (malloc)
--33626-- REDIR: 0x49eb3d0 (libc.so.6:__memset_avx2_unaligned_erms) redirected to 0x484c830 (memset)
--33626-- REDIR: 0x49e9470 (libc.so.6:__strcpy_avx2) redirected to 0x4848db0 (strcpy)
--33626-- REDIR: 0x49e7f30 (libc.so.6:__strlen_avx2) redirected to 0x4848c60 (strlen)
--33626-- REDIR: 0x49e3420 (libc.so.6:__strcmp_avx2) redirected to 0x4849b90 (strcmp)
--33626-- REDIR: 0x49eaf20 (libc.so.6:__mempcpy_avx_unaligned_erms) redirected to 0x484d510 (mempcpy)
--33626-- REDIR: 0x49e7b70 (libc.so.6:__strchrnul_avx2) redirected to 0x484d400 (strchrnul)
--33626-- REDIR: 0x48ff740 (libc.so.6:free) redirected to 0x48451b0 (free)
==33626== 
==33626== HEAP SUMMARY:
==33626==     in use at exit: 0 bytes in 0 blocks
==33626==   total heap usage: 108 allocs, 108 frees, 31,634 bytes allocated
==33626== 
==33626== All heap blocks were freed -- no leaks are possible
==33626== 
==33626== ERROR SUMMARY: 0 errors from 0 contexts (suppressed: 0 from 0)
